#
# There is insufficient memory for the Java Runtime Environment to continue.
# Native memory allocation (malloc) failed to allocate 1115376 bytes for Chunk::new
# Possible reasons:
#   The system is out of physical RAM or swap space
#   The process is running with CompressedOops enabled, and the Java Heap may be blocking the growth of the native heap
# Possible solutions:
#   Reduce memory load on the system
#   Increase physical memory or swap space
#   Check if swap backing store is full
#   Decrease Java heap size (-Xmx/-Xms)
#   Decrease number of Java threads
#   Decrease Java thread stack sizes (-Xss)
#   Set larger code cache with -XX:ReservedCodeCacheSize=
#   JVM is running with Unscaled Compressed Oops mode in which the Java heap is
#     placed in the first 4GB address space. The Java Heap base address is the
#     maximum limit for the native heap growth. Please use -XX:HeapBaseMinAddress
#     to set the Java Heap base and to place the Java Heap above 4GB virtual address.
# This output file may be truncated or incomplete.
#
#  Out of Memory Error (allocation.cpp:389), pid=7624, tid=0x00000000000043f0
#
# JRE version: OpenJDK Runtime Environment (8.0_212-b04) (build 1.8.0_212-release-1586-b04)
# Java VM: OpenJDK 64-Bit Server VM (25.212-b04 mixed mode windows-amd64 compressed oops)
# Failed to write core dump. Minidumps are not enabled by default on client versions of Windows
#

---------------  T H R E A D  ---------------

Current thread (0x000000001846c000):  JavaThread "C2 CompilerThread1" daemon [_thread_in_native, id=17392, stack(0x0000000018e40000,0x0000000018f40000)]

Stack: [0x0000000018e40000,0x0000000018f40000]
[error occurred during error reporting (printing stack bounds), id 0xc0000005]

Native frames: (J=compiled Java code, j=interpreted, Vv=VM code, C=native code)


Current CompileTask:
C2: 358702 14047   !   4       com.google.common.reflect.TypeVisitor::visit (225 bytes)


---------------  P R O C E S S  ---------------

Java Threads: ( => current thread )
  0x000000001eba7800 JavaThread "Cache worker for Build Output Cleanup Cache (C:\Users\amahy\AndroidStudioProjects\YourTrainerCareer\.gradle\buildOutputCleanup)" [_thread_blocked, id=17048, stack(0x00000000242d0000,0x00000000243d0000)]
  0x000000001eba8800 JavaThread "pool-4-thread-1" [_thread_blocked, id=12968, stack(0x0000000022d00000,0x0000000022e00000)]
  0x000000001ebab800 JavaThread "Build operations Thread 8" [_thread_blocked, id=4972, stack(0x0000000022c00000,0x0000000022d00000)]
  0x000000001ebaa000 JavaThread "Build operations Thread 7" [_thread_blocked, id=14736, stack(0x0000000022b00000,0x0000000022c00000)]
  0x000000001d702000 JavaThread "Build operations Thread 6" [_thread_blocked, id=4552, stack(0x0000000022a00000,0x0000000022b00000)]
  0x000000001d700000 JavaThread "Build operations Thread 5" [_thread_blocked, id=1368, stack(0x0000000022900000,0x0000000022a00000)]
  0x000000001d6fe800 JavaThread "Build operations Thread 4" [_thread_blocked, id=3132, stack(0x0000000022800000,0x0000000022900000)]
  0x000000001d700800 JavaThread "Build operations Thread 3" [_thread_blocked, id=2692, stack(0x0000000022700000,0x0000000022800000)]
  0x000000001d701800 JavaThread "Build operations Thread 2" [_thread_blocked, id=6780, stack(0x0000000022600000,0x0000000022700000)]
  0x000000001d6f6000 JavaThread "Build operations" [_thread_blocked, id=9276, stack(0x0000000020260000,0x0000000020360000)]
  0x000000001d6fc000 JavaThread "Cache worker for cache directory md-rule (C:\Users\amahy\.gradle\caches\5.6.4\md-rule)" [_thread_blocked, id=2488, stack(0x0000000020160000,0x0000000020260000)]
  0x000000001d6f8800 JavaThread "Cache worker for cache directory md-supplier (C:\Users\amahy\.gradle\caches\5.6.4\md-supplier)" [_thread_blocked, id=5428, stack(0x000000001f200000,0x000000001f300000)]
  0x000000001d6fa000 JavaThread "Cache worker for file hash cache (C:\Users\amahy\AndroidStudioProjects\YourTrainerCareer\.gradle\5.6.4\fileHashes)" [_thread_blocked, id=248, stack(0x000000001cc60000,0x000000001cd60000)]
  0x000000001d6f7800 JavaThread "Thread-54" [_thread_blocked, id=3644, stack(0x000000001c960000,0x000000001ca60000)]
  0x000000001d6f2800 JavaThread "Stdin handler" [_thread_blocked, id=13368, stack(0x000000001c860000,0x000000001c960000)]
  0x000000001d6f9000 JavaThread "Asynchronous log dispatcher for DefaultDaemonConnection: socket connection from /127.0.0.1:51499 to /127.0.0.1:51650" [_thread_blocked, id=10036, stack(0x000000001c560000,0x000000001c660000)]
  0x000000001d6f4800 JavaThread "Daemon worker Thread 2" [_thread_in_vm, id=12012, stack(0x000000001c460000,0x000000001c560000)]
  0x000000001d6f4000 JavaThread "Cancel handler" [_thread_blocked, id=11368, stack(0x0000000000b30000,0x0000000000c30000)]
  0x000000001d6f3000 JavaThread "Handler for socket connection from /127.0.0.1:51499 to /127.0.0.1:51650" [_thread_in_native, id=11700, stack(0x0000000000a30000,0x0000000000b30000)]
  0x000000001d6f5800 JavaThread "Daemon Thread 2" [_thread_blocked, id=7308, stack(0x0000000000930000,0x0000000000a30000)]
  0x000000001ebaa800 JavaThread "Cache worker for Java compile cache (C:\Users\amahy\.gradle\caches\5.6.4\javaCompile)" [_thread_blocked, id=9780, stack(0x000000002a210000,0x000000002a310000)]
  0x000000001d6fd800 JavaThread "Cache worker for file content cache (C:\Users\amahy\.gradle\caches\5.6.4\fileContent)" [_thread_blocked, id=6964, stack(0x00000000241d0000,0x00000000242d0000)]
  0x000000001d6ff000 JavaThread "Memory manager" [_thread_blocked, id=12044, stack(0x00000000240d0000,0x00000000241d0000)]
  0x000000001d6f7000 JavaThread "Cache worker for execution history cache (C:\Users\amahy\.gradle\caches\5.6.4\executionHistory)" [_thread_blocked, id=5156, stack(0x0000000020360000,0x0000000020460000)]
  0x0000000018485800 JavaThread "Cache worker for journal cache (C:\Users\amahy\.gradle\caches\journal-1)" [_thread_blocked, id=11812, stack(0x000000001d160000,0x000000001d260000)]
  0x000000001848b000 JavaThread "File lock request listener" [_thread_in_native, id=12840, stack(0x000000001d060000,0x000000001d160000)]
  0x000000001aec8800 JavaThread "Cache worker for file hash cache (C:\Users\amahy\.gradle\caches\5.6.4\fileHashes)" [_thread_blocked, id=5284, stack(0x000000001cd60000,0x000000001ce60000)]
  0x0000000019476000 JavaThread "Daemon periodic checks" [_thread_blocked, id=6708, stack(0x000000001c360000,0x000000001c460000)]
  0x000000001ad63800 JavaThread "Incoming local TCP Connector on port 51499" [_thread_in_native, id=11492, stack(0x000000001c120000,0x000000001c220000)]
  0x000000001856f000 JavaThread "Daemon health stats" [_thread_blocked, id=9504, stack(0x000000001bae0000,0x000000001bbe0000)]
  0x000000001850d000 JavaThread "Service Thread" daemon [_thread_blocked, id=4492, stack(0x0000000019140000,0x0000000019240000)]
  0x0000000018485000 JavaThread "C1 CompilerThread3" daemon [_thread_blocked, id=10676, stack(0x0000000019040000,0x0000000019140000)]
  0x0000000018475000 JavaThread "C2 CompilerThread2" daemon [_thread_blocked, id=16040, stack(0x0000000018f40000,0x0000000019040000)]
=>0x000000001846c000 JavaThread "C2 CompilerThread1" daemon [_thread_in_native, id=17392, stack(0x0000000018e40000,0x0000000018f40000)]
  0x0000000018469000 JavaThread "C2 CompilerThread0" daemon [_thread_blocked, id=15816, stack(0x0000000018d40000,0x0000000018e40000)]
  0x0000000018467800 JavaThread "Attach Listener" daemon [_thread_blocked, id=10512, stack(0x0000000018c40000,0x0000000018d40000)]
  0x000000001666e000 JavaThread "Signal Dispatcher" daemon [_thread_blocked, id=2072, stack(0x0000000018b40000,0x0000000018c40000)]
  0x0000000002899000 JavaThread "Finalizer" daemon [_thread_blocked, id=8840, stack(0x0000000018940000,0x0000000018a40000)]
  0x000000001665c800 JavaThread "Reference Handler" daemon [_thread_blocked, id=14680, stack(0x0000000018840000,0x0000000018940000)]
  0x00000000025ad800 JavaThread "main" [_thread_blocked, id=10752, stack(0x00000000026a0000,0x00000000027a0000)]

Other Threads:
  0x0000000016656800 VMThread [stack: 0x0000000018340000,0x0000000018440000] [id=5236]
  0x00000000184c0800 WatcherThread [stack: 0x0000000019240000,0x0000000019340000] [id=9688]

VM state:not at safepoint (normal execution)

VM Mutex/Monitor currently owned by a thread: None

heap address: 0x00000000a0000000, size: 1536 MB, Compressed Oops mode: 32-bit
Narrow klass base: 0x0000000000000000, Narrow klass shift: 3
Compressed class space size: 1073741824 Address: 0x0000000100000000

Heap:
 PSYoungGen      total 275968K, used 84863K [0x00000000e0000000, 0x00000000f3f80000, 0x0000000100000000)
  eden space 240640K, 35% used [0x00000000e0000000,0x00000000e52dff68,0x00000000eeb00000)
  from space 35328K, 0% used [0x00000000f0c00000,0x00000000f0c00000,0x00000000f2e80000)
  to   space 33792K, 0% used [0x00000000eeb00000,0x00000000eeb00000,0x00000000f0c00000)
 ParOldGen       total 181760K, used 57369K [0x00000000a0000000, 0x00000000ab180000, 0x00000000e0000000)
  object space 181760K, 31% used [0x00000000a0000000,0x00000000a3806630,0x00000000ab180000)
 Metaspace       used 98026K, capacity 101756K, committed 103768K, reserved 1138688K
  class space    used 13048K, capacity 13789K, committed 14168K, reserved 1048576K

Card table byte_map: [0x0000000011c60000,0x0000000011f70000] byte_map_base: 0x0000000011760000

Marking Bits: (ParMarkBitMap*) 0x0000000063a69f30
 Begin Bits: [0x0000000012970000, 0x0000000014170000)
 End Bits:   [0x0000000014170000, 0x0000000015970000)

Polling page: 0x0000000000d30000

CodeCache: size=245760Kb used=36791Kb max_used=36791Kb free=208968Kb
 bounds [0x00000000028a0000, 0x0000000004cc0000, 0x00000000118a0000]
 total_blobs=12524 nmethods=11625 adapters=811
 compilation: enabled

Compilation events (10 events):
Event: 358.559 Thread 0x0000000018485000 14122       3       org.gradle.api.internal.provider.AbstractCollectionProperty::addCollector (17 bytes)
Event: 358.559 Thread 0x0000000018485000 nmethod 14122 0x0000000004cb78d0 code [0x0000000004cb7a40, 0x0000000004cb7cf0]
Event: 358.559 Thread 0x0000000018485000 14123       3       org.gradle.api.internal.provider.AbstractCollectionProperty$PlusCollector::<init> (15 bytes)
Event: 358.560 Thread 0x0000000018485000 nmethod 14123 0x0000000004cb7510 code [0x0000000004cb7660, 0x0000000004cb7830]
Event: 358.652 Thread 0x0000000018485000 14124       3       org.gradle.plugin.use.internal.DefaultPluginId::hashCode (8 bytes)
Event: 358.653 Thread 0x0000000018485000 nmethod 14124 0x0000000004cbae50 code [0x0000000004cbafc0, 0x0000000004cbb1c8]
Event: 358.680 Thread 0x0000000018485000 14125       1       com.android.build.api.artifact.ArtifactType::getKind (5 bytes)
Event: 358.681 Thread 0x0000000018485000 nmethod 14125 0x0000000004cb7250 code [0x0000000004cb73a0, 0x0000000004cb74b0]
Event: 358.689 Thread 0x0000000018485000 14126       3       java.util.AbstractCollection::containsAll (38 bytes)
Event: 358.689 Thread 0x0000000018485000 nmethod 14126 0x0000000004cba590 code [0x0000000004cba740, 0x0000000004cbac98]

GC Heap History (10 events):
Event: 21.597 GC heap before
{Heap before GC invocations=18 (full 3):
 PSYoungGen      total 206336K, used 205905K [0x00000000e0000000, 0x00000000ee280000, 0x0000000100000000)
  eden space 190976K, 100% used [0x00000000e0000000,0x00000000eba80000,0x00000000eba80000)
  from space 15360K, 97% used [0x00000000ed380000,0x00000000ee214580,0x00000000ee280000)
  to   space 17920K, 0% used [0x00000000ebf80000,0x00000000ebf80000,0x00000000ed100000)
 ParOldGen       total 126976K, used 33623K [0x00000000a0000000, 0x00000000a7c00000, 0x00000000e0000000)
  object space 126976K, 26% used [0x00000000a0000000,0x00000000a20d5db8,0x00000000a7c00000)
 Metaspace       used 68154K, capacity 71052K, committed 71128K, reserved 1110016K
  class space    used 9278K, capacity 9916K, committed 9944K, reserved 1048576K
Event: 21.622 GC heap after
Heap after GC invocations=18 (full 3):
 PSYoungGen      total 214016K, used 17892K [0x00000000e0000000, 0x00000000f0b00000, 0x0000000100000000)
  eden space 196096K, 0% used [0x00000000e0000000,0x00000000e0000000,0x00000000ebf80000)
  from space 17920K, 99% used [0x00000000ebf80000,0x00000000ed0f9328,0x00000000ed100000)
  to   space 23552K, 0% used [0x00000000ef400000,0x00000000ef400000,0x00000000f0b00000)
 ParOldGen       total 126976K, used 42258K [0x00000000a0000000, 0x00000000a7c00000, 0x00000000e0000000)
  object space 126976K, 33% used [0x00000000a0000000,0x00000000a29448d0,0x00000000a7c00000)
 Metaspace       used 68154K, capacity 71052K, committed 71128K, reserved 1110016K
  class space    used 9278K, capacity 9916K, committed 9944K, reserved 1048576K
}
Event: 24.333 GC heap before
{Heap before GC invocations=19 (full 3):
 PSYoungGen      total 214016K, used 213988K [0x00000000e0000000, 0x00000000f0b00000, 0x0000000100000000)
  eden space 196096K, 100% used [0x00000000e0000000,0x00000000ebf80000,0x00000000ebf80000)
  from space 17920K, 99% used [0x00000000ebf80000,0x00000000ed0f9328,0x00000000ed100000)
  to   space 23552K, 0% used [0x00000000ef400000,0x00000000ef400000,0x00000000f0b00000)
 ParOldGen       total 126976K, used 42258K [0x00000000a0000000, 0x00000000a7c00000, 0x00000000e0000000)
  object space 126976K, 33% used [0x00000000a0000000,0x00000000a29448d0,0x00000000a7c00000)
 Metaspace       used 78465K, capacity 81940K, committed 82008K, reserved 1120256K
  class space    used 10607K, capacity 11316K, committed 11352K, reserved 1048576K
Event: 24.380 GC heap after
Heap after GC invocations=19 (full 3):
 PSYoungGen      total 239616K, used 23544K [0x00000000e0000000, 0x00000000f2600000, 0x0000000100000000)
  eden space 216064K, 0% used [0x00000000e0000000,0x00000000e0000000,0x00000000ed300000)
  from space 23552K, 99% used [0x00000000ef400000,0x00000000f0afe210,0x00000000f0b00000)
  to   space 33792K, 0% used [0x00000000ed300000,0x00000000ed300000,0x00000000ef400000)
 ParOldGen       total 126976K, used 60793K [0x00000000a0000000, 0x00000000a7c00000, 0x00000000e0000000)
  object space 126976K, 47% used [0x00000000a0000000,0x00000000a3b5e570,0x00000000a7c00000)
 Metaspace       used 78465K, capacity 81940K, committed 82008K, reserved 1120256K
  class space    used 10607K, capacity 11316K, committed 11352K, reserved 1048576K
}
Event: 354.754 GC heap before
{Heap before GC invocations=20 (full 3):
 PSYoungGen      total 239616K, used 239608K [0x00000000e0000000, 0x00000000f2600000, 0x0000000100000000)
  eden space 216064K, 100% used [0x00000000e0000000,0x00000000ed300000,0x00000000ed300000)
  from space 23552K, 99% used [0x00000000ef400000,0x00000000f0afe210,0x00000000f0b00000)
  to   space 33792K, 0% used [0x00000000ed300000,0x00000000ed300000,0x00000000ef400000)
 ParOldGen       total 126976K, used 60793K [0x00000000a0000000, 0x00000000a7c00000, 0x00000000e0000000)
  object space 126976K, 47% used [0x00000000a0000000,0x00000000a3b5e570,0x00000000a7c00000)
 Metaspace       used 92668K, capacity 97384K, committed 97624K, reserved 1134592K
  class space    used 12439K, capacity 13324K, committed 13400K, reserved 1048576K
Event: 354.984 GC heap after
Heap after GC invocations=20 (full 3):
 PSYoungGen      total 249856K, used 23976K [0x00000000e0000000, 0x00000000f2e80000, 0x0000000100000000)
  eden space 216064K, 0% used [0x00000000e0000000,0x00000000e0000000,0x00000000ed300000)
  from space 33792K, 70% used [0x00000000ed300000,0x00000000eea6a3e0,0x00000000ef400000)
  to   space 35328K, 0% used [0x00000000f0c00000,0x00000000f0c00000,0x00000000f2e80000)
 ParOldGen       total 126976K, used 73376K [0x00000000a0000000, 0x00000000a7c00000, 0x00000000e0000000)
  object space 126976K, 57% used [0x00000000a0000000,0x00000000a47a80d0,0x00000000a7c00000)
 Metaspace       used 92668K, capacity 97384K, committed 97624K, reserved 1134592K
  class space    used 12439K, capacity 13324K, committed 13400K, reserved 1048576K
}
Event: 355.158 GC heap before
{Heap before GC invocations=21 (full 3):
 PSYoungGen      total 249856K, used 33278K [0x00000000e0000000, 0x00000000f2e80000, 0x0000000100000000)
  eden space 216064K, 4% used [0x00000000e0000000,0x00000000e0915738,0x00000000ed300000)
  from space 33792K, 70% used [0x00000000ed300000,0x00000000eea6a3e0,0x00000000ef400000)
  to   space 35328K, 0% used [0x00000000f0c00000,0x00000000f0c00000,0x00000000f2e80000)
 ParOldGen       total 126976K, used 73376K [0x00000000a0000000, 0x00000000a7c00000, 0x00000000e0000000)
  object space 126976K, 57% used [0x00000000a0000000,0x00000000a47a80d0,0x00000000a7c00000)
 Metaspace       used 93607K, capacity 98312K, committed 98496K, reserved 1134592K
  class space    used 12535K, capacity 13394K, committed 13400K, reserved 1048576K
Event: 355.177 GC heap after
Heap after GC invocations=21 (full 3):
 PSYoungGen      total 275968K, used 15452K [0x00000000e0000000, 0x00000000f3f80000, 0x0000000100000000)
  eden space 240640K, 0% used [0x00000000e0000000,0x00000000e0000000,0x00000000eeb00000)
  from space 35328K, 43% used [0x00000000f0c00000,0x00000000f1b170c8,0x00000000f2e80000)
  to   space 33792K, 0% used [0x00000000eeb00000,0x00000000eeb00000,0x00000000f0c00000)
 ParOldGen       total 126976K, used 73384K [0x00000000a0000000, 0x00000000a7c00000, 0x00000000e0000000)
  object space 126976K, 57% used [0x00000000a0000000,0x00000000a47aa0d0,0x00000000a7c00000)
 Metaspace       used 93607K, capacity 98312K, committed 98496K, reserved 1134592K
  class space    used 12535K, capacity 13394K, committed 13400K, reserved 1048576K
}
Event: 355.177 GC heap before
{Heap before GC invocations=22 (full 4):
 PSYoungGen      total 275968K, used 15452K [0x00000000e0000000, 0x00000000f3f80000, 0x0000000100000000)
  eden space 240640K, 0% used [0x00000000e0000000,0x00000000e0000000,0x00000000eeb00000)
  from space 35328K, 43% used [0x00000000f0c00000,0x00000000f1b170c8,0x00000000f2e80000)
  to   space 33792K, 0% used [0x00000000eeb00000,0x00000000eeb00000,0x00000000f0c00000)
 ParOldGen       total 126976K, used 73384K [0x00000000a0000000, 0x00000000a7c00000, 0x00000000e0000000)
  object space 126976K, 57% used [0x00000000a0000000,0x00000000a47aa0d0,0x00000000a7c00000)
 Metaspace       used 93607K, capacity 98312K, committed 98496K, reserved 1134592K
  class space    used 12535K, capacity 13394K, committed 13400K, reserved 1048576K
Event: 355.746 GC heap after
Heap after GC invocations=22 (full 4):
 PSYoungGen      total 275968K, used 0K [0x00000000e0000000, 0x00000000f3f80000, 0x0000000100000000)
  eden space 240640K, 0% used [0x00000000e0000000,0x00000000e0000000,0x00000000eeb00000)
  from space 35328K, 0% used [0x00000000f0c00000,0x00000000f0c00000,0x00000000f2e80000)
  to   space 33792K, 0% used [0x00000000eeb00000,0x00000000eeb00000,0x00000000f0c00000)
 ParOldGen       total 181760K, used 57369K [0x00000000a0000000, 0x00000000ab180000, 0x00000000e0000000)
  object space 181760K, 31% used [0x00000000a0000000,0x00000000a3806630,0x00000000ab180000)
 Metaspace       used 92827K, capacity 96190K, committed 98496K, reserved 1134592K
  class space    used 12271K, capacity 12929K, committed 13400K, reserved 1048576K
}

Deoptimization events (10 events):
Event: 355.873 Thread 0x000000001d6f4800 Uncommon trap: reason=class_check action=maybe_recompile pc=0x0000000004275b4c method=java.lang.StringCoding.encode(Ljava/nio/charset/Charset;[CII)[B @ 1
Event: 355.877 Thread 0x000000001d6f4800 Uncommon trap: reason=class_check action=maybe_recompile pc=0x0000000004275b4c method=java.lang.StringCoding.encode(Ljava/nio/charset/Charset;[CII)[B @ 1
Event: 355.950 Thread 0x000000001d6f4800 Uncommon trap: reason=class_check action=maybe_recompile pc=0x0000000004275b4c method=java.lang.StringCoding.encode(Ljava/nio/charset/Charset;[CII)[B @ 1
Event: 355.954 Thread 0x000000001d6f4800 Uncommon trap: reason=class_check action=maybe_recompile pc=0x0000000003e054d0 method=java.lang.StringCoding.encode(Ljava/nio/charset/Charset;[CII)[B @ 1
Event: 356.937 Thread 0x000000001d6f4800 Uncommon trap: reason=unstable_if action=reinterpret pc=0x0000000003e51d08 method=com.sun.org.apache.xerces.internal.impl.XMLEntityScanner.skipString(Ljava/lang/String;)Z @ 59
Event: 356.939 Thread 0x000000001d6f4800 Uncommon trap: reason=class_check action=maybe_recompile pc=0x0000000003f0b6c8 method=com.sun.org.apache.xerces.internal.impl.XMLDocumentFragmentScannerImpl$FragmentContentDriver.next()I @ 2223
Event: 356.949 Thread 0x000000001d6f4800 Uncommon trap: reason=speculate_class_check action=maybe_recompile pc=0x0000000003faf034 method=com.sun.org.apache.xerces.internal.dom.AttrImpl.getNodeName()Ljava/lang/String; @ 8
Event: 356.949 Thread 0x000000001d6f4800 Uncommon trap: reason=speculate_class_check action=maybe_recompile pc=0x0000000003faf034 method=com.sun.org.apache.xerces.internal.dom.AttrImpl.getNodeName()Ljava/lang/String; @ 8
Event: 356.949 Thread 0x000000001d6f4800 Uncommon trap: reason=speculate_class_check action=maybe_recompile pc=0x0000000003faf034 method=com.sun.org.apache.xerces.internal.dom.AttrImpl.getNodeName()Ljava/lang/String; @ 8
Event: 356.949 Thread 0x000000001d6f4800 Uncommon trap: reason=speculate_class_check action=maybe_recompile pc=0x0000000003faf034 method=com.sun.org.apache.xerces.internal.dom.AttrImpl.getNodeName()Ljava/lang/String; @ 8

Classes redefined (0 events):
No events

Internal exceptions (10 events):
Event: 357.421 Thread 0x000000001d6f4800 Exception <a 'java/lang/ClassNotFoundException': com/android/build/gradle/internal/dsl/BaseFlavorBeanInfo> (0x00000000e3fc90f8) thrown at [D:\src\AOSP-openjdk-cygwin\jdk8u\hotspot\src\share\vm\classfile\systemDictionary.cpp, line 210]
Event: 357.422 Thread 0x000000001d6f4800 Exception <a 'java/lang/ClassNotFoundException': com/android/builder/core/DefaultProductFlavorBeanInfo> (0x00000000e3fe2710) thrown at [D:\src\AOSP-openjdk-cygwin\jdk8u\hotspot\src\share\vm\classfile\systemDictionary.cpp, line 210]
Event: 357.424 Thread 0x000000001d6f4800 Exception <a 'java/lang/ClassNotFoundException': com/android/builder/core/DefaultProductFlavorCustomizer> (0x00000000e3ffc2a8) thrown at [D:\src\AOSP-openjdk-cygwin\jdk8u\hotspot\src\share\vm\classfile\systemDictionary.cpp, line 210]
Event: 357.427 Thread 0x000000001d6f4800 Exception <a 'java/lang/ClassNotFoundException': com/android/build/gradle/internal/dsl/BaseFlavorCustomizer> (0x00000000e404c1c8) thrown at [D:\src\AOSP-openjdk-cygwin\jdk8u\hotspot\src\share\vm\classfile\systemDictionary.cpp, line 210]
Event: 357.434 Thread 0x000000001d6f4800 Exception <a 'java/lang/ClassNotFoundException': com/android/build/gradle/internal/dsl/DefaultConfigCustomizer> (0x00000000e40a8808) thrown at [D:\src\AOSP-openjdk-cygwin\jdk8u\hotspot\src\share\vm\classfile\systemDictionary.cpp, line 210]
Event: 357.437 Thread 0x000000001d6f4800 Exception <a 'java/lang/ClassNotFoundException': com/android/build/gradle/internal/dsl/DefaultConfig_DecoratedCustomizer> (0x00000000e40d85b8) thrown at [D:\src\AOSP-openjdk-cygwin\jdk8u\hotspot\src\share\vm\classfile\systemDictionary.cpp, line 210]
Event: 357.461 Thread 0x000000001d6f4800 Exception <a 'java/lang/ClassNotFoundException': build_8wkqvybgqarjhpifuem8o5hqs$_run_closure1$_closure4BeanInfo> (0x00000000e41e4f80) thrown at [D:\src\AOSP-openjdk-cygwin\jdk8u\hotspot\src\share\vm\classfile\systemDictionary.cpp, line 210]
Event: 357.462 Thread 0x000000001d6f4800 Exception <a 'java/lang/ClassNotFoundException': build_8wkqvybgqarjhpifuem8o5hqs$_run_closure1$_closure4Customizer> (0x00000000e41f6fe0) thrown at [D:\src\AOSP-openjdk-cygwin\jdk8u\hotspot\src\share\vm\classfile\systemDictionary.cpp, line 210]
Event: 357.468 Thread 0x000000001d6f4800 Exception <a 'java/lang/ClassNotFoundException': build_8wkqvybgqarjhpifuem8o5hqs$_run_closure1BeanInfo> (0x00000000e42210b0) thrown at [D:\src\AOSP-openjdk-cygwin\jdk8u\hotspot\src\share\vm\classfile\systemDictionary.cpp, line 210]
Event: 357.471 Thread 0x000000001d6f4800 Exception <a 'java/lang/ClassNotFoundException': build_8wkqvybgqarjhpifuem8o5hqs$_run_closure1Customizer> (0x00000000e4232608) thrown at [D:\src\AOSP-openjdk-cygwin\jdk8u\hotspot\src\share\vm\classfile\systemDictionary.cpp, line 210]

Events (10 events):
Event: 358.692 loading class com/android/build/gradle/internal/tasks/NewIncrementalTask
Event: 358.692 loading class com/android/build/gradle/internal/tasks/NewIncrementalTask done
Event: 358.693 loading class com/android/build/gradle/internal/scope/InternalArtifactType$PROJECT_DEX_ARCHIVE
Event: 358.693 loading class com/android/build/gradle/internal/scope/InternalArtifactType$PROJECT_DEX_ARCHIVE done
Event: 358.694 loading class com/android/build/gradle/internal/tasks/DexArchiveBuilderTask$CreationAction$handleProvider$1
Event: 358.694 loading class com/android/build/gradle/internal/tasks/DexArchiveBuilderTask$CreationAction$handleProvider$1 done
Event: 358.695 loading class com/android/build/gradle/internal/scope/InternalArtifactType$SUB_PROJECT_DEX_ARCHIVE
Event: 358.695 loading class com/android/build/gradle/internal/scope/InternalArtifactType$SUB_PROJECT_DEX_ARCHIVE done
Event: 358.696 loading class com/android/build/gradle/internal/tasks/DexArchiveBuilderTask$CreationAction$handleProvider$2
Event: 358.696 loading class com/android/build/gradle/internal/tasks/DexArchiveBuilderTask$CreationAction$handleProvider$2 done


Dynamic libraries:
0x00007ff775d30000 - 0x00007ff775d61000 	C:\Program Files\Android\Android Studio\jre\bin\java.exe
0x00007ffcd8ce0000 - 0x00007ffcd8ed0000 	C:\Windows\SYSTEM32\ntdll.dll
0x00007ffcd8b50000 - 0x00007ffcd8c02000 	C:\Windows\System32\KERNEL32.DLL
0x00007ffcd6ae0000 - 0x00007ffcd6d84000 	C:\Windows\System32\KERNELBASE.dll
0x00007ffcd8080000 - 0x00007ffcd8123000 	C:\Windows\System32\ADVAPI32.dll
0x00007ffcd8330000 - 0x00007ffcd83ce000 	C:\Windows\System32\msvcrt.dll
0x00007ffcd81e0000 - 0x00007ffcd8277000 	C:\Windows\System32\sechost.dll
0x00007ffcd7430000 - 0x00007ffcd7550000 	C:\Windows\System32\RPCRT4.dll
0x00007ffcd7200000 - 0x00007ffcd7394000 	C:\Windows\System32\USER32.dll
0x00007ffcd5c70000 - 0x00007ffcd5c91000 	C:\Windows\System32\win32u.dll
0x00007ffcd8430000 - 0x00007ffcd8456000 	C:\Windows\System32\GDI32.dll
0x00007ffcd66a0000 - 0x00007ffcd6834000 	C:\Windows\System32\gdi32full.dll
0x00007ffcd6840000 - 0x00007ffcd68de000 	C:\Windows\System32\msvcp_win.dll
0x00007ffcd69e0000 - 0x00007ffcd6ada000 	C:\Windows\System32\ucrtbase.dll
0x00007ffcc9400000 - 0x00007ffcc9684000 	C:\Windows\WinSxS\amd64_microsoft.windows.common-controls_6595b64144ccf1df_6.0.18362.836_none_e6c4b943130f18ed\COMCTL32.dll
0x00007ffcd7d40000 - 0x00007ffcd8076000 	C:\Windows\System32\combase.dll
0x00007ffcd5e80000 - 0x00007ffcd5f00000 	C:\Windows\System32\bcryptPrimitives.dll
0x00007ffcd7400000 - 0x00007ffcd742e000 	C:\Windows\System32\IMM32.DLL
0x00000000630e0000 - 0x00000000631b2000 	C:\Program Files\Android\Android Studio\jre\jre\bin\msvcr100.dll
0x00000000632a0000 - 0x0000000063ae6000 	C:\Program Files\Android\Android Studio\jre\jre\bin\server\jvm.dll
0x00007ffcd7b70000 - 0x00007ffcd7b78000 	C:\Windows\System32\PSAPI.DLL
0x00007ffccc8e0000 - 0x00007ffccc8ea000 	C:\Windows\SYSTEM32\VERSION.dll
0x00007ffcd27c0000 - 0x00007ffcd27e4000 	C:\Windows\SYSTEM32\WINMM.dll
0x00007ffccfa20000 - 0x00007ffccfa29000 	C:\Windows\SYSTEM32\WSOCK32.dll
0x00000000024f0000 - 0x000000000255f000 	C:\Windows\System32\ws2_32.DLL
0x00007ffcd21d0000 - 0x00007ffcd21fd000 	C:\Windows\SYSTEM32\WINMMBASE.dll
0x00007ffcd68e0000 - 0x00007ffcd692a000 	C:\Windows\System32\cfgmgr32.dll
0x00007ffcca3f0000 - 0x00007ffcca3ff000 	C:\Program Files\Android\Android Studio\jre\jre\bin\verify.dll
0x00007ffcb6280000 - 0x00007ffcb62a9000 	C:\Program Files\Android\Android Studio\jre\jre\bin\java.dll
0x00007ffcc4bc0000 - 0x00007ffcc4bd6000 	C:\Program Files\Android\Android Studio\jre\jre\bin\zip.dll
0x00007ffcd8460000 - 0x00007ffcd8b44000 	C:\Windows\System32\SHELL32.dll
0x00007ffcd8280000 - 0x00007ffcd8329000 	C:\Windows\System32\shcore.dll
0x00007ffcd5f00000 - 0x00007ffcd667e000 	C:\Windows\System32\windows.storage.dll
0x00007ffcd5bd0000 - 0x00007ffcd5bf3000 	C:\Windows\System32\profapi.dll
0x00007ffcd5c20000 - 0x00007ffcd5c6a000 	C:\Windows\System32\powrprof.dll
0x00007ffcd5ba0000 - 0x00007ffcd5bb0000 	C:\Windows\System32\UMPDC.dll
0x00007ffcd73a0000 - 0x00007ffcd73f2000 	C:\Windows\System32\shlwapi.dll
0x00007ffcd5c00000 - 0x00007ffcd5c11000 	C:\Windows\System32\kernel.appcore.dll
0x00007ffcd6680000 - 0x00007ffcd6697000 	C:\Windows\System32\cryptsp.dll
0x00007ffcb70d0000 - 0x00007ffcb70ea000 	C:\Program Files\Android\Android Studio\jre\jre\bin\net.dll
0x00007ffcc6d90000 - 0x00007ffcc6f66000 	C:\Windows\SYSTEM32\urlmon.dll
0x00007ffcc73d0000 - 0x00007ffcc7676000 	C:\Windows\SYSTEM32\iertutil.dll
0x00007ffcd5570000 - 0x00007ffcd557c000 	C:\Windows\SYSTEM32\CRYPTBASE.DLL
0x00007ffcd53d0000 - 0x00007ffcd5437000 	C:\Windows\system32\mswsock.dll
0x00007ffcb7000000 - 0x00007ffcb7013000 	C:\Program Files\Android\Android Studio\jre\jre\bin\nio.dll
0x00007ffcae450000 - 0x00007ffcae476000 	C:\Users\amahy\.gradle\native\30\windows-amd64\native-platform.dll
0x00007ffcc5b40000 - 0x00007ffcc5b4d000 	C:\Program Files\Android\Android Studio\jre\jre\bin\management.dll
0x00007ffcd4f40000 - 0x00007ffcd4f73000 	C:\Windows\system32\rsaenh.dll
0x00007ffcd5e50000 - 0x00007ffcd5e76000 	C:\Windows\System32\bcrypt.dll
0x00007ffcd5ac0000 - 0x00007ffcd5ae5000 	C:\Windows\SYSTEM32\USERENV.dll
0x00007ffcd50f0000 - 0x00007ffcd512a000 	C:\Windows\SYSTEM32\IPHLPAPI.DLL
0x00007ffcd7850000 - 0x00007ffcd7858000 	C:\Windows\System32\NSI.dll
0x00007ffcc9a80000 - 0x00007ffcc9a96000 	C:\Windows\SYSTEM32\dhcpcsvc6.DLL
0x00007ffcc9fb0000 - 0x00007ffcc9fcc000 	C:\Windows\SYSTEM32\dhcpcsvc.DLL
0x00007ffcd5130000 - 0x00007ffcd51fb000 	C:\Windows\SYSTEM32\DNSAPI.dll
0x00007ffcb60b0000 - 0x00007ffcb60d4000 	C:\Program Files\Android\Android Studio\jre\jre\bin\sunec.dll
0x00007ffcc3bc0000 - 0x00007ffcc3bca000 	C:\Windows\System32\rasadhlp.dll
0x00007ffcca0d0000 - 0x00007ffcca147000 	C:\Windows\System32\fwpuclnt.dll
0x00007ffcc4e80000 - 0x00007ffcc4e8b000 	C:\Program Files\Android\Android Studio\jre\jre\bin\sunmscapi.dll
0x00007ffcd5ca0000 - 0x00007ffcd5de9000 	C:\Windows\System32\CRYPT32.dll
0x00007ffcd5bb0000 - 0x00007ffcd5bc2000 	C:\Windows\System32\MSASN1.dll

VM Arguments:
jvm_args: -Xmx1536m -Dfile.encoding=windows-1252 -Duser.country=MY -Duser.language=en -Duser.variant 
java_command: org.gradle.launcher.daemon.bootstrap.GradleDaemon 5.6.4
java_class_path (initial): C:\Users\amahy\.gradle\wrapper\dists\gradle-5.6.4-all\ankdp27end7byghfw1q2sw75f\gradle-5.6.4\lib\gradle-launcher-5.6.4.jar
Launcher Type: SUN_STANDARD

Environment Variables:
PATH=C:\Program Files (x86)\Common Files\Oracle\Java\javapath;C:\ProgramData\Oracle\Java\javapath;C:\Windows\system32;C:\Windows;C:\Windows\System32\Wbem;C:\Windows\System32\WindowsPowerShell\v1.0\;C:\Windows\System32\OpenSSH\;C:\sqlite3;C:\Program Files\Git\cmd;C:\Users\amahy\AppData\Local\Microsoft\WindowsApps;
USERNAME=amahy
OS=Windows_NT
PROCESSOR_IDENTIFIER=AMD64 Family 23 Model 24 Stepping 1, AuthenticAMD



---------------  S Y S T E M  ---------------

OS: Windows 10.0 , 64 bit Build 18362 (10.0.18362.778)

CPU:total 8 (initial active 8) (8 cores per cpu, 1 threads per core) family 23 model 24 stepping 1, cmov, cx8, fxsr, mmx, sse, sse2, sse3, ssse3, sse4.1, sse4.2, popcnt, avx, avx2, aes, clmul, mmxext, 3dnowpref, lzcnt, sse4a, tsc, tscinvbit, tscinv, bmi1

Memory: 4k page, physical 7274124k(197980k free), swap 17759880k(3152k free)

vm_info: OpenJDK 64-Bit Server VM (25.212-b04) for windows-amd64 JRE (1.8.0_212-release-1586-b04), built by "builder" with MS VC++ 10.0 (VS2010)

time: Mon Jun 29 15:03:51 2020
timezone: Malay Peninsula Standard Time
elapsed time: 358 seconds (0d 0h 5m 58s)

